<?xml version="1.0" encoding="UTF-8" ?>
<testsuite errors="0" failures="0" hostname="DESKTOP-BN5HS2K" name="domain.Testes" skipped="0" tests="5" time="0.469" timestamp="2017-05-01T20:19:24">
  <properties>
    <property name="ant.project.invoked-targets" value="all-report" />
    <property name="java.runtime.name" value="Java(TM) SE Runtime Environment" />
    <property name="sun.boot.library.path" value="C:\Program Files\Java\jre1.8.0_102\bin" />
    <property name="java.vm.version" value="25.102-b14" />
    <property name="ant.library.dir" value="D:\Igor\P\Java\eclipse\plugins\org.apache.ant_1.9.6.v201510161327\lib" />
    <property name="test.home" value="D:/Igor/UFSC/17.1/Trabalhos/3 - TEAT2/EightPuzzleGame/tst" />
    <property name="ant.version" value="Apache Ant(TM) version 1.9.6 compiled on June 29 2015" />
    <property name="ant.java.version" value="1.8" />
    <property name="java.vm.vendor" value="Oracle Corporation" />
    <property name="java.vendor.url" value="http://java.oracle.com/" />
    <property name="path.separator" value=";" />
    <property name="java.vm.name" value="Java HotSpot(TM) 64-Bit Server VM" />
    <property name="file.encoding.pkg" value="sun.io" />
    <property name="user.script" value="" />
    <property name="user.country" value="BR" />
    <property name="sun.java.launcher" value="SUN_STANDARD" />
    <property name="sun.os.patch.level" value="" />
    <property name="java.vm.specification.name" value="Java Virtual Machine Specification" />
    <property name="user.dir" value="D:/Igor/UFSC/17.1/Trabalhos/3 - TEAT2/EightPuzzleGame/scova" />
    <property name="java.runtime.version" value="1.8.0_102-b14" />
    <property name="java.awt.graphicsenv" value="sun.awt.Win32GraphicsEnvironment" />
    <property name="basedir" value="D:\Igor\UFSC\17.1\Trabalhos\3 - TEAT2\sc_instrumenter\build" />
    <property name="java.endorsed.dirs" value="C:\Program Files\Java\jre1.8.0_102\lib\endorsed" />
    <property name="os.arch" value="amd64" />
    <property name="ant.project.default-target" value="all" />
    <property name="java.io.tmpdir" value="C:\Users\Solecki\AppData\Local\Temp\" />
    <property name="ant.core.lib" value="D:\Igor\P\Java\eclipse\plugins\org.apache.ant_1.9.6.v201510161327\lib\ant.jar" />
    <property name="line.separator" value="&#xd;&#xa;" />
    <property name="java.vm.specification.vendor" value="Oracle Corporation" />
    <property name="user.variant" value="" />
    <property name="os.name" value="Windows 10" />
    <property name="ant.home" value="D:\Igor\P\Java\eclipse\plugins\org.apache.ant_1.9.6.v201510161327" />
    <property name="project.output.folder" value="D:/Igor/UFSC/17.1/Trabalhos/3 - TEAT2/EightPuzzleGame/scova" />
    <property name="scova.classpath" value="../bin;../deps/asm-debug-all-4.1.jar;../deps/commons-io-2.4.jar;../deps/junit-4.10.jar;C:/Users/Aniceto/workspace/junit_original/lib/hamcrest-core-1.3.jar" />
    <property name="sun.jnu.encoding" value="Cp1252" />
    <property name="java.library.path" value="C:\Program Files\Java\jre1.8.0_102\bin;C:\WINDOWS\Sun\Java\bin;C:\WINDOWS\system32;C:\WINDOWS;C:/Program Files/Java/jre1.8.0_102/bin/server;C:/Program Files/Java/jre1.8.0_102/bin;C:/Program Files/Java/jre1.8.0_102/lib/amd64;C:\ProgramData\Oracle\Java\javapath;C:\Program Files (x86)\Intel\iCLS Client\;C:\Program Files\Intel\iCLS Client\;C:\Windows\system32;C:\Windows;C:\Windows\System32\Wbem;C:\Windows\System32\WindowsPowerShell\v1.0\;C:\Program Files (x86)\Intel\Intel(R) Management Engine Components\DAL;C:\Program Files\Intel\Intel(R) Management Engine Components\DAL;C:\Program Files (x86)\Intel\Intel(R) Management Engine Components\IPT;C:\Program Files\Intel\Intel(R) Management Engine Components\IPT;C:\Program Files (x86)\NVIDIA Corporation\PhysX\Common;C:\WINDOWS\system32;C:\WINDOWS;C:\WINDOWS\System32\Wbem;C:\WINDOWS\System32\WindowsPowerShell\v1.0\;C:\Program Files\Java\jdk1.8.0_102\bin;D:\Igor\utils;D:\Igor\utils\cygwin\bin;C:\Users\Solecki\AppData\Local\Microsoft\WindowsApps;;D:\Igor\P\Java\eclipse;;." />
    <property name="java.specification.name" value="Java Platform API Specification" />
    <property name="java.class.version" value="52.0" />
    <property name="sun.management.compiler" value="HotSpot 64-Bit Tiered Compilers" />
    <property name="project.output.classpath" value="D:/Igor/UFSC/17.1/Trabalhos/3 - TEAT2/EightPuzzleGame/scova" />
    <property name="os.version" value="10.0" />
    <property name="ant.file" value="D:\Igor\UFSC\17.1\Trabalhos\3 - TEAT2\sc_instrumenter\build\build.xml" />
    <property name="user.home" value="C:\Users\Solecki" />
    <property name="user.timezone" value="" />
    <property name="java.awt.printerjob" value="sun.awt.windows.WPrinterJob" />
    <property name="java.specification.version" value="1.8" />
    <property name="file.encoding" value="Cp1252" />
    <property name="project.input.classpath" value="D:/Igor/UFSC/17.1/Trabalhos/3 - TEAT2/EightPuzzleGame/bin" />
    <property name="user.name" value="Solecki" />
    <property name="&lt;!--" value="D:/Igor/UFSC/17.1/Trabalhos/3 - TEAT2/EightPuzzleGame --&gt;" />
    <property name="java.class.path" value="D:\Igor\UFSC\17.1\Trabalhos\3 - TEAT2\EightPuzzleGame\scova;D:\Igor\UFSC\17.1\Trabalhos\3 - TEAT2\sc_instrumenter\lib\bin;D:\Igor\UFSC\17.1\Trabalhos\3 - TEAT2\sc_instrumenter\deps\junit-4.10.jar;D:\Igor\P\Java\eclipse\plugins\org.apache.ant_1.9.6.v201510161327\lib\ant-launcher.jar;D:\Igor\P\Java\eclipse\plugins\org.apache.ant_1.9.6.v201510161327\lib\ant.jar;D:\Igor\P\Java\eclipse\plugins\org.apache.ant_1.9.6.v201510161327\lib\ant-junit.jar;D:\Igor\P\Java\eclipse\plugins\org.apache.ant_1.9.6.v201510161327\lib\ant-junit4.jar" />
    <property name="java.vm.specification.version" value="1.8" />
    <property name="java.home" value="C:\Program Files\Java\jre1.8.0_102" />
    <property name="sun.java.command" value="org.apache.tools.ant.taskdefs.optional.junit.JUnitTestRunner domain.Testes skipNonTests=false filtertrace=true haltOnError=false haltOnFailure=false formatter=org.apache.tools.ant.taskdefs.optional.junit.OutErrSummaryJUnitResultFormatter showoutput=true outputtoformatters=true logfailedtests=true threadid=0 logtestlistenerevents=false formatter=org.apache.tools.ant.taskdefs.optional.junit.XMLJUnitResultFormatter,D:\Igor\UFSC\17.1\Trabalhos\3 - TEAT2\EightPuzzleGame\scova\TEST-domain.Testes.xml crashfile=D:\Igor\UFSC\17.1\Trabalhos\3 - TEAT2\sc_instrumenter\build\junitvmwatcher7507797088029760820.properties propsfile=D:\Igor\UFSC\17.1\Trabalhos\3 - TEAT2\sc_instrumenter\build\junit219452916545760601.properties" />
    <property name="sun.arch.data.model" value="64" />
    <property name="project.input.folder" value="D:/Igor/UFSC/17.1/Trabalhos/3 - TEAT2/EightPuzzleGame/bin" />
    <property name="java.specification.vendor" value="Oracle Corporation" />
    <property name="user.language" value="pt" />
    <property name="awt.toolkit" value="sun.awt.windows.WToolkit" />
    <property name="java.vm.info" value="mixed mode" />
    <property name="java.version" value="1.8.0_102" />
    <property name="java.ext.dirs" value="C:\Program Files\Java\jre1.8.0_102\lib\ext;C:\WINDOWS\Sun\Java\lib\ext" />
    <property name="sun.boot.class.path" value="C:\Program Files\Java\jre1.8.0_102\lib\resources.jar;C:\Program Files\Java\jre1.8.0_102\lib\rt.jar;C:\Program Files\Java\jre1.8.0_102\lib\sunrsasign.jar;C:\Program Files\Java\jre1.8.0_102\lib\jsse.jar;C:\Program Files\Java\jre1.8.0_102\lib\jce.jar;C:\Program Files\Java\jre1.8.0_102\lib\charsets.jar;C:\Program Files\Java\jre1.8.0_102\lib\jfr.jar;C:\Program Files\Java\jre1.8.0_102\classes" />
    <property name="java.vendor" value="Oracle Corporation" />
    <property name="file.separator" value="\" />
    <property name="java.vendor.url.bug" value="http://bugreport.sun.com/bugreport/" />
    <property name="sun.cpu.endian" value="little" />
    <property name="sun.io.unicode.encoding" value="UnicodeLittle" />
    <property name="sun.desktop" value="windows" />
    <property name="sun.cpu.isalist" value="amd64" />
  </properties>
  <testcase classname="domain.Testes" name="colocarPeçasNoTabuleiro" time="0.079" />
  <testcase classname="domain.Testes" name="moverCasaVaziaParaEsquerda" time="0.047" />
  <testcase classname="domain.Testes" name="moverCasaVaziaParaBaixo" time="0.016" />
  <testcase classname="domain.Testes" name="moverCasaVaziaParaDireita" time="0.039" />
  <testcase classname="domain.Testes" name="moverCasaVaziaParaCima" time="0.017" />
  <system-out><![CDATA[--------------------------------------
Begin test capture for : domain/Testes.colocarPeçasNoTabuleiro()V
State Coverage Report for domain/Testes.colocarPeçasNoTabuleiro()V
Modified states: 17 [ "domain/Grid.numberOfColumns", "domain/EmbaralhadorFixo.movimentos", "domain/Tile.number", "domain/PuzzleGame.board", "domain/Grid.matrix", "domain/Board.grid", "domain/Tile.hash", "domain/Position.column", "domain/Position.line", "domain/PuzzleGame.positionsOfTiles", "domain/Cell.tile", "domain/Board.columns", "domain/SquareBoard.dimension", "domain/PuzzleGame.emptyCell", "domain/Board.lines", "domain/PuzzleGame.boardWithFinalState", "domain/Grid.numberOfLines" ]
Covered states: 0 [  ]
State Coverage: 0.0
End test capture for : domain/Testes.colocarPeçasNoTabuleiro()V
--------------------------------------
--------------------------------------
Begin test capture for : domain/Testes.moverCasaVaziaParaEsquerda()V
State Coverage Report for domain/Testes.moverCasaVaziaParaEsquerda()V
Modified states: 17 [ "domain/Grid.numberOfColumns", "domain/EmbaralhadorFixo.movimentos", "domain/Tile.number", "domain/PuzzleGame.board", "domain/Grid.matrix", "domain/Board.grid", "domain/Tile.hash", "domain/Position.column", "domain/Position.line", "domain/PuzzleGame.positionsOfTiles", "domain/Cell.tile", "domain/Board.columns", "domain/SquareBoard.dimension", "domain/PuzzleGame.emptyCell", "domain/Board.lines", "domain/PuzzleGame.boardWithFinalState", "domain/Grid.numberOfLines" ]
Covered states: 3 [ "LEFT", "domain/PuzzleGame.board", "domain/PuzzleGame.emptyCell" ]
State Coverage: 0.11764705882352941
End test capture for : domain/Testes.moverCasaVaziaParaEsquerda()V
--------------------------------------
--------------------------------------
Begin test capture for : domain/Testes.moverCasaVaziaParaBaixo()V
State Coverage Report for domain/Testes.moverCasaVaziaParaBaixo()V
Modified states: 17 [ "domain/Grid.numberOfColumns", "domain/EmbaralhadorFixo.movimentos", "domain/Tile.number", "domain/PuzzleGame.board", "domain/Grid.matrix", "domain/Board.grid", "domain/Tile.hash", "domain/Position.column", "domain/Position.line", "domain/PuzzleGame.positionsOfTiles", "domain/Cell.tile", "domain/Board.columns", "domain/SquareBoard.dimension", "domain/PuzzleGame.emptyCell", "domain/Board.lines", "domain/PuzzleGame.boardWithFinalState", "domain/Grid.numberOfLines" ]
Covered states: 4 [ "DOWN", "LEFT", "domain/PuzzleGame.board", "domain/PuzzleGame.emptyCell" ]
State Coverage: 0.11764705882352941
End test capture for : domain/Testes.moverCasaVaziaParaBaixo()V
--------------------------------------
--------------------------------------
Begin test capture for : domain/Testes.moverCasaVaziaParaDireita()V
State Coverage Report for domain/Testes.moverCasaVaziaParaDireita()V
Modified states: 17 [ "domain/Grid.numberOfColumns", "domain/EmbaralhadorFixo.movimentos", "domain/Tile.number", "domain/PuzzleGame.board", "domain/Grid.matrix", "domain/Board.grid", "domain/Tile.hash", "domain/Position.column", "domain/Position.line", "domain/PuzzleGame.positionsOfTiles", "domain/Cell.tile", "domain/Board.columns", "domain/SquareBoard.dimension", "domain/PuzzleGame.emptyCell", "domain/Board.lines", "domain/PuzzleGame.boardWithFinalState", "domain/Grid.numberOfLines" ]
Covered states: 4 [ "LEFT", "domain/PuzzleGame.board", "domain/PuzzleGame.emptyCell", "RIGHT" ]
State Coverage: 0.11764705882352941
End test capture for : domain/Testes.moverCasaVaziaParaDireita()V
--------------------------------------
--------------------------------------
Begin test capture for : domain/Testes.moverCasaVaziaParaCima()V
State Coverage Report for domain/Testes.moverCasaVaziaParaCima()V
Modified states: 17 [ "domain/Grid.numberOfColumns", "domain/EmbaralhadorFixo.movimentos", "domain/Tile.number", "domain/PuzzleGame.board", "domain/Grid.matrix", "domain/Board.grid", "domain/Tile.hash", "domain/Position.column", "domain/Position.line", "domain/PuzzleGame.positionsOfTiles", "domain/Cell.tile", "domain/Board.columns", "domain/SquareBoard.dimension", "domain/PuzzleGame.emptyCell", "domain/Board.lines", "domain/PuzzleGame.boardWithFinalState", "domain/Grid.numberOfLines" ]
Covered states: 4 [ "LEFT", "domain/PuzzleGame.board", "domain/PuzzleGame.emptyCell", "UP" ]
State Coverage: 0.11764705882352941
End test capture for : domain/Testes.moverCasaVaziaParaCima()V
--------------------------------------
]]></system-out>
  <system-err><![CDATA[]]></system-err>
</testsuite>
